app/build/intermediates/manifest_merge_blame_file/release/processReleaseMainManifest/manifest-merger-blame-release-report.txt
1<?xml version="1.0" encoding="utf-8"?>
2<manifest xmlns:android="http://schemas.android.com/apk/res/android"
3    package="com.adrianrol87.payalert"
4    android:versionCode="5"
5    android:versionName="1.6" >
6
7    <uses-sdk
8        android:minSdkVersion="26"
9        android:targetSdkVersion="36" />
10
11    <uses-permission android:name="android.permission.INTERNET" />
11-->src\main\AndroidManifest.xml:3:5-67
11-->src\main\AndroidManifest.xml:3:22-64
12    <uses-permission android:name="android.permission.ACCESS_NETWORK_STATE" />
12-->src\main\AndroidManifest.xml:4:5-79
12-->src\main\AndroidManifest.xml:4:22-76
13    <uses-permission android:name="android.permission.POST_NOTIFICATIONS" />
13-->src\main\AndroidManifest.xml:5:5-77
13-->src\main\AndroidManifest.xml:5:22-74
14    <uses-permission android:name="com.android.vending.BILLING" />
14-->[com.android.billingclient:billing-ktx:9.1.0] AndroidManifest.xml:9:5-67
14-->[com.android.billingclient:billing-ktx:9.1.0] AndroidManifest.xml:9:22-64
15
16    <queries>
16-->[com.android.billingclient:billing:9.1.0] AndroidManifest.xml:12:5-19:15
17        <intent>
17-->[com.android.billingclient:billing:9.1.0] AndroidManifest.xml:13:9-15:18
18            <action android:name="com.android.vending.billing.InAppBillingService.BIND" />
18-->[com.android.billingclient:billing:9.1.0] AndroidManifest.xml:14:13-91
18-->[com.android.billingclient:billing:9.1.0] AndroidManifest.xml:14:21-88
19        </intent>
20        <intent>
20-->[com.android.billingclient:billing:9.1.0] AndroidManifest.xml:16:9-18:18
21            <action android:name="com.google.android.apps.play.billingtestcompanion.BillingOverrideService.BIND" />
21-->[com.android.billingclient:billing:9.1.0] AndroidManifest.xml:17:13-116
21-->[com.android.billingclient:billing:9.1.0] AndroidManifest.xml:17:21-113
22        </intent>
23        <!-- For browser content -->
24        <intent>
24-->[com.google.android.gms:play-services-ads-lite:23.6.0] AndroidManifest.xml:38:9-44:18
25            <action android:name="android.intent.action.VIEW" />
25-->[com.google.android.gms:play-services-ads-lite:23.6.0] AndroidManifest.xml:39:13-65
25-->[com.google.android.gms:play-services-ads-lite:23.6.0] AndroidManifest.xml:39:21-62
26
27            <category android:name="android.intent.category.BROWSABLE" />
27-->[com.google.android.gms:play-services-ads-lite:23.6.0] AndroidManifest.xml:41:13-74
27-->[com.google.android.gms:play-services-ads-lite:23.6.0] AndroidManifest.xml:41:23-71
28
29            <data android:scheme="https" />
29-->[com.google.android.gms:play-services-ads-lite:23.6.0] AndroidManifest.xml:43:13-44
29-->[com.google.android.gms:play-services-ads-lite:23.6.0] AndroidManifest.xml:43:19-41
30        </intent> <!-- End of browser content -->
31        <!-- For CustomTabsService -->
32        <intent>
32-->[com.google.android.gms:play-services-ads-lite:23.6.0] AndroidManifest.xml:47:9-49:18
33            <action android:name="android.support.customtabs.action.CustomTabsService" />
33-->[com.google.android.gms:play-services-ads-lite:23.6.0] AndroidManifest.xml:48:13-90
33-->[com.google.android.gms:play-services-ads-lite:23.6.0] AndroidManifest.xml:48:21-87
34        </intent> <!-- End of CustomTabsService -->
35        <!-- For MRAID capabilities -->
36        <intent>
36-->[com.google.android.gms:play-services-ads-lite:23.6.0] AndroidManifest.xml:52:9-56:18
37            <action android:name="android.intent.action.INSERT" />
37-->[com.google.android.gms:play-services-ads-lite:23.6.0] AndroidManifest.xml:53:13-67
37-->[com.google.android.gms:play-services-ads-lite:23.6.0] AndroidManifest.xml:53:21-64
38
39            <data android:mimeType="vnd.android.cursor.dir/event" />
39-->[com.google.android.gms:play-services-ads-lite:23.6.0] AndroidManifest.xml:43:13-44
40        </intent>
41        <intent>
41-->[com.google.android.gms:play-services-ads-lite:23.6.0] AndroidManifest.xml:57:9-61:18
42            <action android:name="android.intent.action.VIEW" />
42-->[com.google.android.gms:play-services-ads-lite:23.6.0] AndroidManifest.xml:39:13-65
42-->[com.google.android.gms:play-services-ads-lite:23.6.0] AndroidManifest.xml:39:21-62
43
44            <data android:scheme="sms" />
44-->[com.google.android.gms:play-services-ads-lite:23.6.0] AndroidManifest.xml:43:13-44
44-->[com.google.android.gms:play-services-ads-lite:23.6.0] AndroidManifest.xml:43:19-41
45        </intent>
46        <intent>
46-->[com.google.android.gms:play-services-ads-lite:23.6.0] AndroidManifest.xml:62:9-66:18
47            <action android:name="android.intent.action.DIAL" />
47-->[com.google.android.gms:play-services-ads-lite:23.6.0] AndroidManifest.xml:63:13-65
47-->[com.google.android.gms:play-services-ads-lite:23.6.0] AndroidManifest.xml:63:21-62
48
49            <data android:path="tel:" />
49-->[com.google.android.gms:play-services-ads-lite:23.6.0] AndroidManifest.xml:43:13-44
50        </intent>
51    </queries>
52
53    <uses-permission android:name="com.google.android.gms.permission.AD_ID" />
53-->[com.google.android.gms:play-services-ads-lite:23.6.0] AndroidManifest.xml:26:5-79
53-->[com.google.android.gms:play-services-ads-lite:23.6.0] AndroidManifest.xml:26:22-76
54    <uses-permission android:name="android.permission.ACCESS_ADSERVICES_AD_ID" />
54-->[com.google.android.gms:play-services-ads-lite:23.6.0] AndroidManifest.xml:27:5-82
54-->[com.google.android.gms:play-services-ads-lite:23.6.0] AndroidManifest.xml:27:22-79
55    <uses-permission android:name="android.permission.ACCESS_ADSERVICES_ATTRIBUTION" />
55-->[com.google.android.gms:play-services-ads-lite:23.6.0] AndroidManifest.xml:28:5-88
55-->[com.google.android.gms:play-services-ads-lite:23.6.0] AndroidManifest.xml:28:22-85
56    <uses-permission android:name="android.permission.ACCESS_ADSERVICES_TOPICS" />
56-->[com.google.android.gms:play-services-ads-lite:23.6.0] AndroidManifest.xml:29:5-83
56-->[com.google.android.gms:play-services-ads-lite:23.6.0] AndroidManifest.xml:29:22-80
57    <uses-permission android:name="android.permission.WAKE_LOCK" />
57-->[com.google.android.gms:play-services-measurement-sdk-api:20.1.2] AndroidManifest.xml:25:5-68
57-->[com.google.android.gms:play-services-measurement-sdk-api:20.1.2] AndroidManifest.xml:25:22-65
58    <uses-permission android:name="android.permission.FOREGROUND_SERVICE" />
58-->[androidx.work:work-runtime:2.9.1] AndroidManifest.xml:26:5-77
58-->[androidx.work:work-runtime:2.9.1] AndroidManifest.xml:26:22-74
59
60    <permission
60-->[androidx.core:core:1.15.0] AndroidManifest.xml:22:5-24:47
61        android:name="com.adrianrol87.payalert.DYNAMIC_RECEIVER_NOT_EXPORTED_PERMISSION"
61-->[androidx.core:core:1.15.0] AndroidManifest.xml:23:9-81
62        android:protectionLevel="signature" />
62-->[androidx.core:core:1.15.0] AndroidManifest.xml:24:9-44
63
64    <uses-permission android:name="com.adrianrol87.payalert.DYNAMIC_RECEIVER_NOT_EXPORTED_PERMISSION" />
64-->[androidx.core:core:1.15.0] AndroidManifest.xml:26:5-97
64-->[androidx.core:core:1.15.0] AndroidManifest.xml:26:22-94
65
66    <application
66-->src\main\AndroidManifest.xml:7:5-56:19
67        android:allowBackup="true"
67-->src\main\AndroidManifest.xml:8:9-35
68        android:appComponentFactory="androidx.core.app.CoreComponentFactory"
68-->[androidx.core:core:1.15.0] AndroidManifest.xml:28:18-86
69        android:extractNativeLibs="false"
70        android:icon="@mipmap/ic_launcher"
70-->src\main\AndroidManifest.xml:9:9-43
71        android:label="@string/app_name"
71-->src\main\AndroidManifest.xml:10:9-41
72        android:roundIcon="@mipmap/ic_launcher_round"
72-->src\main\AndroidManifest.xml:11:9-54
73        android:supportsRtl="true"
73-->src\main\AndroidManifest.xml:12:9-35
74        android:theme="@style/Theme.PayAlert" >
74-->src\main\AndroidManifest.xml:13:9-46
75        <meta-data
75-->src\main\AndroidManifest.xml:14:9-16:70
76            android:name="com.google.android.gms.ads.APPLICATION_ID"
76-->src\main\AndroidManifest.xml:15:13-69
77            android:value="ca-app-pub-1404008250068138~2252136110" />
77-->src\main\AndroidManifest.xml:16:13-67
78
79        <receiver
79-->src\main\AndroidManifest.xml:17:9-19:40
80            android:name="com.payalert.app.notifications.NotificationActionReceiver"
80-->src\main\AndroidManifest.xml:18:13-85
81            android:exported="false" />
81-->src\main\AndroidManifest.xml:19:13-37
82        <receiver
82-->src\main\AndroidManifest.xml:20:9-32:20
83            android:name="com.payalert.app.widget.MonthSummaryWidgetProvider"
83-->src\main\AndroidManifest.xml:21:13-78
84            android:exported="true"
84-->src\main\AndroidManifest.xml:22:13-36
85            android:label="@string/widget_upcoming_title"
85-->src\main\AndroidManifest.xml:23:13-58
86            android:permission="android.permission.BIND_APPWIDGET" >
86-->src\main\AndroidManifest.xml:24:13-67
87            <intent-filter>
87-->src\main\AndroidManifest.xml:25:13-27:29
88                <action android:name="android.appwidget.action.APPWIDGET_UPDATE" />
88-->src\main\AndroidManifest.xml:26:17-84
88-->src\main\AndroidManifest.xml:26:25-81
89            </intent-filter>
90
91            <meta-data
91-->src\main\AndroidManifest.xml:29:13-31:69
92                android:name="android.appwidget.provider"
92-->src\main\AndroidManifest.xml:30:17-58
93                android:resource="@xml/month_summary_widget_info" />
93-->src\main\AndroidManifest.xml:31:17-66
94        </receiver>
95        <receiver
95-->src\main\AndroidManifest.xml:33:9-45:20
96            android:name="com.payalert.app.widget.NextPaymentWidgetProvider"
96-->src\main\AndroidManifest.xml:34:13-77
97            android:exported="true"
97-->src\main\AndroidManifest.xml:35:13-36
98            android:label="@string/widget_next_title"
98-->src\main\AndroidManifest.xml:36:13-54
99            android:permission="android.permission.BIND_APPWIDGET" >
99-->src\main\AndroidManifest.xml:37:13-67
100            <intent-filter>
100-->src\main\AndroidManifest.xml:25:13-27:29
101                <action android:name="android.appwidget.action.APPWIDGET_UPDATE" />
101-->src\main\AndroidManifest.xml:26:17-84
101-->src\main\AndroidManifest.xml:26:25-81
102            </intent-filter>
103
104            <meta-data
104-->src\main\AndroidManifest.xml:29:13-31:69
105                android:name="android.appwidget.provider"
105-->src\main\AndroidManifest.xml:30:17-58
106                android:resource="@xml/next_payment_widget_info" />
106-->src\main\AndroidManifest.xml:31:17-66
107        </receiver>
108
109        <activity
109-->src\main\AndroidManifest.xml:46:9-55:20
110            android:name="com.payalert.app.MainActivity"
110-->src\main\AndroidManifest.xml:47:13-57
111            android:exported="true"
111-->src\main\AndroidManifest.xml:48:13-36
112            android:theme="@style/Theme.PayAlert.Starting" >
112-->src\main\AndroidManifest.xml:49:13-59
113            <intent-filter>
113-->src\main\AndroidManifest.xml:50:13-54:29
114                <action android:name="android.intent.action.MAIN" />
114-->src\main\AndroidManifest.xml:51:17-69
114-->src\main\AndroidManifest.xml:51:25-66
115
116                <category android:name="android.intent.category.LAUNCHER" />
116-->src\main\AndroidManifest.xml:53:17-77
116-->src\main\AndroidManifest.xml:53:27-74
117            </intent-filter>
118        </activity>
119
120        <meta-data
120-->[com.android.billingclient:billing:9.1.0] AndroidManifest.xml:22:9-24:37
121            android:name="com.google.android.play.billingclient.version"
121-->[com.android.billingclient:billing:9.1.0] AndroidManifest.xml:23:13-73
122            android:value="9.1.0" />
122-->[com.android.billingclient:billing:9.1.0] AndroidManifest.xml:24:13-34
123
124        <activity
124-->[com.android.billingclient:billing:9.1.0] AndroidManifest.xml:26:9-30:75
125            android:name="com.android.billingclient.api.ProxyBillingActivity"
125-->[com.android.billingclient:billing:9.1.0] AndroidManifest.xml:27:13-78
126            android:configChanges="keyboard|keyboardHidden|screenLayout|screenSize|orientation"
126-->[com.android.billingclient:billing:9.1.0] AndroidManifest.xml:28:13-96
127            android:exported="false"
127-->[com.android.billingclient:billing:9.1.0] AndroidManifest.xml:29:13-37
128            android:theme="@android:style/Theme.Translucent.NoTitleBar" />
128-->[com.android.billingclient:billing:9.1.0] AndroidManifest.xml:30:13-72
129        <activity
129-->[com.android.billingclient:billing:9.1.0] AndroidManifest.xml:31:9-35:75
130            android:name="com.android.billingclient.api.ProxyBillingActivityV2"
130-->[com.android.billingclient:billing:9.1.0] AndroidManifest.xml:32:13-80
131            android:configChanges="keyboard|keyboardHidden|screenLayout|screenSize|orientation"
131-->[com.android.billingclient:billing:9.1.0] AndroidManifest.xml:33:13-96
132            android:exported="false"
132-->[com.android.billingclient:billing:9.1.0] AndroidManifest.xml:34:13-37
133            android:theme="@android:style/Theme.Translucent.NoTitleBar" /> <!-- Include the AdActivity and InAppPurchaseActivity configChanges and themes. -->
133-->[com.android.billingclient:billing:9.1.0] AndroidManifest.xml:35:13-72
134        <activity
134-->[com.google.android.gms:play-services-ads-lite:23.6.0] AndroidManifest.xml:73:9-78:43
135            android:name="com.google.android.gms.ads.AdActivity"
135-->[com.google.android.gms:play-services-ads-lite:23.6.0] AndroidManifest.xml:74:13-65
136            android:configChanges="keyboard|keyboardHidden|orientation|screenLayout|uiMode|screenSize|smallestScreenSize"
136-->[com.google.android.gms:play-services-ads-lite:23.6.0] AndroidManifest.xml:75:13-122
137            android:exported="false"
137-->[com.google.android.gms:play-services-ads-lite:23.6.0] AndroidManifest.xml:76:13-37
138            android:theme="@android:style/Theme.Translucent" />
138-->[com.google.android.gms:play-services-ads-lite:23.6.0] AndroidManifest.xml:77:13-61
139
140        <provider
140-->[com.google.android.gms:play-services-ads-lite:23.6.0] AndroidManifest.xml:80:9-85:43
141            android:name="com.google.android.gms.ads.MobileAdsInitProvider"
141-->[com.google.android.gms:play-services-ads-lite:23.6.0] AndroidManifest.xml:81:13-76
142            android:authorities="com.adrianrol87.payalert.mobileadsinitprovider"
142-->[com.google.android.gms:play-services-ads-lite:23.6.0] AndroidManifest.xml:82:13-73
143            android:exported="false"
143-->[com.google.android.gms:play-services-ads-lite:23.6.0] AndroidManifest.xml:83:13-37
144            android:initOrder="100" />
144-->[com.google.android.gms:play-services-ads-lite:23.6.0] AndroidManifest.xml:84:13-36
145
146        <service
146-->[com.google.android.gms:play-services-ads-lite:23.6.0] AndroidManifest.xml:87:9-91:43
147            android:name="com.google.android.gms.ads.AdService"
147-->[com.google.android.gms:play-services-ads-lite:23.6.0] AndroidManifest.xml:88:13-64
148            android:enabled="true"
148-->[com.google.android.gms:play-services-ads-lite:23.6.0] AndroidManifest.xml:89:13-35
149            android:exported="false" />
149-->[com.google.android.gms:play-services-ads-lite:23.6.0] AndroidManifest.xml:90:13-37
150
151        <activity
151-->[com.google.android.gms:play-services-ads-lite:23.6.0] AndroidManifest.xml:93:9-97:43
152            android:name="com.google.android.gms.ads.OutOfContextTestingActivity"
152-->[com.google.android.gms:play-services-ads-lite:23.6.0] AndroidManifest.xml:94:13-82
153            android:configChanges="keyboard|keyboardHidden|orientation|screenLayout|uiMode|screenSize|smallestScreenSize"
153-->[com.google.android.gms:play-services-ads-lite:23.6.0] AndroidManifest.xml:95:13-122
154            android:exported="false" />
154-->[com.google.android.gms:play-services-ads-lite:23.6.0] AndroidManifest.xml:96:13-37
155        <activity
155-->[com.google.android.gms:play-services-ads-lite:23.6.0] AndroidManifest.xml:98:9-105:43
156            android:name="com.google.android.gms.ads.NotificationHandlerActivity"
156-->[com.google.android.gms:play-services-ads-lite:23.6.0] AndroidManifest.xml:99:13-82
157            android:excludeFromRecents="true"
157-->[com.google.android.gms:play-services-ads-lite:23.6.0] AndroidManifest.xml:100:13-46
158            android:exported="false"
158-->[com.google.android.gms:play-services-ads-lite:23.6.0] AndroidManifest.xml:101:13-37
159            android:launchMode="singleTask"
159-->[com.google.android.gms:play-services-ads-lite:23.6.0] AndroidManifest.xml:102:13-44
160            android:taskAffinity=""
160-->[com.google.android.gms:play-services-ads-lite:23.6.0] AndroidManifest.xml:103:13-36
161            android:theme="@android:style/Theme.Translucent.NoTitleBar" />
161-->[com.google.android.gms:play-services-ads-lite:23.6.0] AndroidManifest.xml:104:13-72
162
163        <property
163-->[com.google.android.gms:play-services-ads-lite:23.6.0] AndroidManifest.xml:107:9-109:62
164            android:name="android.adservices.AD_SERVICES_CONFIG"
164-->[com.google.android.gms:play-services-ads-lite:23.6.0] AndroidManifest.xml:108:13-65
165            android:resource="@xml/gma_ad_services_config" />
165-->[com.google.android.gms:play-services-ads-lite:23.6.0] AndroidManifest.xml:109:13-59
166
167        <activity
167-->[com.google.android.gms:play-services-base:18.5.0] AndroidManifest.xml:5:9-173
168            android:name="com.google.android.gms.common.api.GoogleApiActivity"
168-->[com.google.android.gms:play-services-base:18.5.0] AndroidManifest.xml:5:19-85
169            android:exported="false"
169-->[com.google.android.gms:play-services-base:18.5.0] AndroidManifest.xml:5:146-170
170            android:theme="@android:style/Theme.Translucent.NoTitleBar" />
170-->[com.google.android.gms:play-services-base:18.5.0] AndroidManifest.xml:5:86-145
171
172        <meta-data
172-->[com.google.android.gms:play-services-basement:18.9.0] AndroidManifest.xml:21:9-23:69
173            android:name="com.google.android.gms.version"
173-->[com.google.android.gms:play-services-basement:18.9.0] AndroidManifest.xml:22:13-58
174            android:value="@integer/google_play_services_version" />
174-->[com.google.android.gms:play-services-basement:18.9.0] AndroidManifest.xml:23:13-66
175
176        <provider
176-->[androidx.emoji2:emoji2:1.3.0] AndroidManifest.xml:24:9-32:20
177            android:name="androidx.startup.InitializationProvider"
177-->[androidx.emoji2:emoji2:1.3.0] AndroidManifest.xml:25:13-67
178            android:authorities="com.adrianrol87.payalert.androidx-startup"
178-->[androidx.emoji2:emoji2:1.3.0] AndroidManifest.xml:26:13-68
179            android:exported="false" >
179-->[androidx.emoji2:emoji2:1.3.0] AndroidManifest.xml:27:13-37
180            <meta-data
180-->[androidx.emoji2:emoji2:1.3.0] AndroidManifest.xml:29:13-31:52
181                android:name="androidx.emoji2.text.EmojiCompatInitializer"
181-->[androidx.emoji2:emoji2:1.3.0] AndroidManifest.xml:30:17-75
182                android:value="androidx.startup" />
182-->[androidx.emoji2:emoji2:1.3.0] AndroidManifest.xml:31:17-49
183            <meta-data
183-->[androidx.work:work-runtime:2.9.1] AndroidManifest.xml:34:13-36:52
184                android:name="androidx.work.WorkManagerInitializer"
184-->[androidx.work:work-runtime:2.9.1] AndroidManifest.xml:35:17-68
185                android:value="androidx.startup" />
185-->[androidx.work:work-runtime:2.9.1] AndroidManifest.xml:36:17-49
186            <meta-data
186-->[androidx.lifecycle:lifecycle-process:2.8.5] AndroidManifest.xml:29:13-31:52
187                android:name="androidx.lifecycle.ProcessLifecycleInitializer"
187-->[androidx.lifecycle:lifecycle-process:2.8.5] AndroidManifest.xml:30:17-78
188                android:value="androidx.startup" />
188-->[androidx.lifecycle:lifecycle-process:2.8.5] AndroidManifest.xml:31:17-49
189            <meta-data
189-->[androidx.profileinstaller:profileinstaller:1.3.1] AndroidManifest.xml:29:13-31:52
190                android:name="androidx.profileinstaller.ProfileInstallerInitializer"
190-->[androidx.profileinstaller:profileinstaller:1.3.1] AndroidManifest.xml:30:17-85
191                android:value="androidx.startup" />
191-->[androidx.profileinstaller:profileinstaller:1.3.1] AndroidManifest.xml:31:17-49
192        </provider>
193
194        <service
194-->[androidx.work:work-runtime:2.9.1] AndroidManifest.xml:39:9-45:35
195            android:name="androidx.work.impl.background.systemalarm.SystemAlarmService"
195-->[androidx.work:work-runtime:2.9.1] AndroidManifest.xml:40:13-88
196            android:directBootAware="false"
196-->[androidx.work:work-runtime:2.9.1] AndroidManifest.xml:41:13-44
197            android:enabled="@bool/enable_system_alarm_service_default"
197-->[androidx.work:work-runtime:2.9.1] AndroidManifest.xml:42:13-72
198            android:exported="false" />
198-->[androidx.work:work-runtime:2.9.1] AndroidManifest.xml:43:13-37
199        <service
199-->[androidx.work:work-runtime:2.9.1] AndroidManifest.xml:46:9-52:35
200            android:name="androidx.work.impl.background.systemjob.SystemJobService"
200-->[androidx.work:work-runtime:2.9.1] AndroidManifest.xml:47:13-84
201            android:directBootAware="false"
201-->[androidx.work:work-runtime:2.9.1] AndroidManifest.xml:48:13-44
202            android:enabled="@bool/enable_system_job_service_default"
202-->[androidx.work:work-runtime:2.9.1] AndroidManifest.xml:49:13-70
203            android:exported="true"
203-->[androidx.work:work-runtime:2.9.1] AndroidManifest.xml:50:13-36
204            android:permission="android.permission.BIND_JOB_SERVICE" />
204-->[androidx.work:work-runtime:2.9.1] AndroidManifest.xml:51:13-69
205        <service
205-->[androidx.work:work-runtime:2.9.1] AndroidManifest.xml:53:9-59:35
206            android:name="androidx.work.impl.foreground.SystemForegroundService"
206-->[androidx.work:work-runtime:2.9.1] AndroidManifest.xml:54:13-81
207            android:directBootAware="false"
207-->[androidx.work:work-runtime:2.9.1] AndroidManifest.xml:55:13-44
208            android:enabled="@bool/enable_system_foreground_service_default"
208-->[androidx.work:work-runtime:2.9.1] AndroidManifest.xml:56:13-77
209            android:exported="false" />
209-->[androidx.work:work-runtime:2.9.1] AndroidManifest.xml:57:13-37
210
211        <receiver
211-->[androidx.work:work-runtime:2.9.1] AndroidManifest.xml:61:9-66:35
212            android:name="androidx.work.impl.utils.ForceStopRunnable$BroadcastReceiver"
212-->[androidx.work:work-runtime:2.9.1] AndroidManifest.xml:62:13-88
213            android:directBootAware="false"
213-->[androidx.work:work-runtime:2.9.1] AndroidManifest.xml:63:13-44
214            android:enabled="true"
214-->[androidx.work:work-runtime:2.9.1] AndroidManifest.xml:64:13-35
215            android:exported="false" />
215-->[androidx.work:work-runtime:2.9.1] AndroidManifest.xml:65:13-37
216        <receiver
216-->[androidx.work:work-runtime:2.9.1] AndroidManifest.xml:67:9-77:20
217            android:name="androidx.work.impl.background.systemalarm.ConstraintProxy$BatteryChargingProxy"
217-->[androidx.work:work-runtime:2.9.1] AndroidManifest.xml:68:13-106
218            android:directBootAware="false"
218-->[androidx.work:work-runtime:2.9.1] AndroidManifest.xml:69:13-44
219            android:enabled="false"
219-->[androidx.work:work-runtime:2.9.1] AndroidManifest.xml:70:13-36
220            android:exported="false" >
220-->[androidx.work:work-runtime:2.9.1] AndroidManifest.xml:71:13-37
221            <intent-filter>
221-->[androidx.work:work-runtime:2.9.1] AndroidManifest.xml:73:13-76:29
222                <action android:name="android.intent.action.ACTION_POWER_CONNECTED" />
222-->[androidx.work:work-runtime:2.9.1] AndroidManifest.xml:74:17-87
222-->[androidx.work:work-runtime:2.9.1] AndroidManifest.xml:74:25-84
223                <action android:name="android.intent.action.ACTION_POWER_DISCONNECTED" />
223-->[androidx.work:work-runtime:2.9.1] AndroidManifest.xml:75:17-90
223-->[androidx.work:work-runtime:2.9.1] AndroidManifest.xml:75:25-87
224            </intent-filter>
225        </receiver>
226        <receiver
226-->[androidx.work:work-runtime:2.9.1] AndroidManifest.xml:78:9-88:20
227            android:name="androidx.work.impl.background.systemalarm.ConstraintProxy$BatteryNotLowProxy"
227-->[androidx.work:work-runtime:2.9.1] AndroidManifest.xml:79:13-104
228            android:directBootAware="false"
228-->[androidx.work:work-runtime:2.9.1] AndroidManifest.xml:80:13-44
229            android:enabled="false"
229-->[androidx.work:work-runtime:2.9.1] AndroidManifest.xml:81:13-36
230            android:exported="false" >
230-->[androidx.work:work-runtime:2.9.1] AndroidManifest.xml:82:13-37
231            <intent-filter>
231-->[androidx.work:work-runtime:2.9.1] AndroidManifest.xml:84:13-87:29
232                <action android:name="android.intent.action.BATTERY_OKAY" />
232-->[androidx.work:work-runtime:2.9.1] AndroidManifest.xml:85:17-77
232-->[androidx.work:work-runtime:2.9.1] AndroidManifest.xml:85:25-74
233                <action android:name="android.intent.action.BATTERY_LOW" />
233-->[androidx.work:work-runtime:2.9.1] AndroidManifest.xml:86:17-76
233-->[androidx.work:work-runtime:2.9.1] AndroidManifest.xml:86:25-73
234            </intent-filter>
235        </receiver>
236        <receiver
236-->[androidx.work:work-runtime:2.9.1] AndroidManifest.xml:89:9-99:20
237            android:name="androidx.work.impl.background.systemalarm.ConstraintProxy$StorageNotLowProxy"
237-->[androidx.work:work-runtime:2.9.1] AndroidManifest.xml:90:13-104
238            android:directBootAware="false"
238-->[androidx.work:work-runtime:2.9.1] AndroidManifest.xml:91:13-44
239            android:enabled="false"
239-->[androidx.work:work-runtime:2.9.1] AndroidManifest.xml:92:13-36
240            android:exported="false" >
240-->[androidx.work:work-runtime:2.9.1] AndroidManifest.xml:93:13-37
241            <intent-filter>
241-->[androidx.work:work-runtime:2.9.1] AndroidManifest.xml:95:13-98:29
242                <action android:name="android.intent.action.DEVICE_STORAGE_LOW" />
242-->[androidx.work:work-runtime:2.9.1] AndroidManifest.xml:96:17-83
242-->[androidx.work:work-runtime:2.9.1] AndroidManifest.xml:96:25-80
243                <action android:name="android.intent.action.DEVICE_STORAGE_OK" />
243-->[androidx.work:work-runtime:2.9.1] AndroidManifest.xml:97:17-82
243-->[androidx.work:work-runtime:2.9.1] AndroidManifest.xml:97:25-79
244            </intent-filter>
245        </receiver>
246        <receiver
246-->[androidx.work:work-runtime:2.9.1] AndroidManifest.xml:100:9-109:20
247            android:name="androidx.work.impl.background.systemalarm.ConstraintProxy$NetworkStateProxy"
247-->[androidx.work:work-runtime:2.9.1] AndroidManifest.xml:101:13-103
248            android:directBootAware="false"
248-->[androidx.work:work-runtime:2.9.1] AndroidManifest.xml:102:13-44
249            android:enabled="false"
249-->[androidx.work:work-runtime:2.9.1] AndroidManifest.xml:103:13-36
250            android:exported="false" >
250-->[androidx.work:work-runtime:2.9.1] AndroidManifest.xml:104:13-37
251            <intent-filter>
251-->[androidx.work:work-runtime:2.9.1] AndroidManifest.xml:106:13-108:29
252                <action android:name="android.net.conn.CONNECTIVITY_CHANGE" />
252-->[androidx.work:work-runtime:2.9.1] AndroidManifest.xml:107:17-79
252-->[androidx.work:work-runtime:2.9.1] AndroidManifest.xml:107:25-76
253            </intent-filter>
254        </receiver>
255        <receiver
255-->[androidx.work:work-runtime:2.9.1] AndroidManifest.xml:110:9-121:20
256            android:name="androidx.work.impl.background.systemalarm.RescheduleReceiver"
256-->[androidx.work:work-runtime:2.9.1] AndroidManifest.xml:111:13-88
257            android:directBootAware="false"
257-->[androidx.work:work-runtime:2.9.1] AndroidManifest.xml:112:13-44
258            android:enabled="false"
258-->[androidx.work:work-runtime:2.9.1] AndroidManifest.xml:113:13-36
259            android:exported="false" >
259-->[androidx.work:work-runtime:2.9.1] AndroidManifest.xml:114:13-37
260            <intent-filter>
260-->[androidx.work:work-runtime:2.9.1] AndroidManifest.xml:116:13-120:29
261                <action android:name="android.intent.action.BOOT_COMPLETED" />
261-->[androidx.work:work-runtime:2.9.1] AndroidManifest.xml:117:17-79
261-->[androidx.work:work-runtime:2.9.1] AndroidManifest.xml:117:25-76
262                <action android:name="android.intent.action.TIME_SET" />
262-->[androidx.work:work-runtime:2.9.1] AndroidManifest.xml:118:17-73
262-->[androidx.work:work-runtime:2.9.1] AndroidManifest.xml:118:25-70
263                <action android:name="android.intent.action.TIMEZONE_CHANGED" />
263-->[androidx.work:work-runtime:2.9.1] AndroidManifest.xml:119:17-81
263-->[androidx.work:work-runtime:2.9.1] AndroidManifest.xml:119:25-78
264            </intent-filter>
265        </receiver>
266        <receiver
266-->[androidx.work:work-runtime:2.9.1] AndroidManifest.xml:122:9-131:20
267            android:name="androidx.work.impl.background.systemalarm.ConstraintProxyUpdateReceiver"
267-->[androidx.work:work-runtime:2.9.1] AndroidManifest.xml:123:13-99
268            android:directBootAware="false"
268-->[androidx.work:work-runtime:2.9.1] AndroidManifest.xml:124:13-44
269            android:enabled="@bool/enable_system_alarm_service_default"
269-->[androidx.work:work-runtime:2.9.1] AndroidManifest.xml:125:13-72
270            android:exported="false" >
270-->[androidx.work:work-runtime:2.9.1] AndroidManifest.xml:126:13-37
271            <intent-filter>
271-->[androidx.work:work-runtime:2.9.1] AndroidManifest.xml:128:13-130:29